d:\visual studio\user_projects\c++_two\c++_two\debug\vc120.pdb
d:\visual studio\user_projects\c++_two\c++_two\debug\vc120.idb
d:\visual studio\user_projects\c++_two\c++_two\debug\test2.obj
d:\visual studio\user_projects\c++_two\c++_two\debug\test_one.obj
d:\visual studio\user_projects\c++_two\c++_two\debug\kdtree.obj
d:\visual studio\user_projects\c++_two\c++_two\debug\match.obj
d:\visual studio\user_projects\c++_two\c++_two\debug\minpq.obj
d:\visual studio\user_projects\c++_two\c++_two\debug\xform.obj
d:\visual studio\user_projects\c++_two\c++_two\debug\dspfeat.obj
d:\visual studio\user_projects\c++_two\c++_two\debug\utils.obj
d:\visual studio\user_projects\c++_two\c++_two\debug\sift.obj
d:\visual studio\user_projects\c++_two\c++_two\debug\getopt.obj
d:\visual studio\user_projects\c++_two\c++_two\debug\imgfeatures.obj
d:\visual studio\user_projects\c++_two\c++_two\debug\siftfeat.obj
d:\visual studio\user_projects\c++_two\debug\c++_two.pdb
d:\visual studio\user_projects\c++_two\debug\c++_two.exe
d:\visual studio\user_projects\c++_two\debug\c++_two.ilk
d:\visual studio\user_projects\c++_two\c++_two\debug\c++_two.tlog\cl.command.1.tlog
d:\visual studio\user_projects\c++_two\c++_two\debug\c++_two.tlog\cl.read.1.tlog
d:\visual studio\user_projects\c++_two\c++_two\debug\c++_two.tlog\cl.write.1.tlog
d:\visual studio\user_projects\c++_two\c++_two\debug\c++_two.tlog\link.command.1.tlog
d:\visual studio\user_projects\c++_two\c++_two\debug\c++_two.tlog\link.read.1.tlog
d:\visual studio\user_projects\c++_two\c++_two\debug\c++_two.tlog\link.write.1.tlog
